<?xml version="1.0" encoding="UTF-8"?>
<!-- Generated by org.testng.reporters.JUnitReportReporter -->
<testsuite skipped="0" hostname="sandipan-PC" name="xmlfile.NewTest4" tests="3" failures="0" timestamp="13 Jun 2017 14:43:35 GMT" time="0.007" errors="0">
  <testcase name="deleteVendor" time="0.002" classname="xmlfile.NewTest4"/>
  <testcase name="deleteCustomer" time="0.002" classname="xmlfile.NewTest4"/>
  <testcase name="deletePrice" time="0.003" classname="xmlfile.NewTest4"/>
</testsuite> <!-- xmlfile.NewTest4 -->
