<?xml version="1.0" encoding="UTF-8"?>
<!-- Generated by org.testng.reporters.JUnitReportReporter -->
<testsuite skipped="0" hostname="sandipan-PC" name="xmlfile.NewTest1" tests="3" failures="0" timestamp="13 Jun 2017 14:43:35 GMT" time="0.016" errors="0">
  <testcase name="addVendor" time="0.009" classname="xmlfile.NewTest1"/>
  <testcase name="addCustomer" time="0.005" classname="xmlfile.NewTest1"/>
  <testcase name="addPrice" time="0.002" classname="xmlfile.NewTest1"/>
</testsuite> <!-- xmlfile.NewTest1 -->
